  BmpRot.cpp
  exercise.cpp
C:\Users\PC\Desktop\C\code1\CPP_code\Exercises_C\Exercises_C\exercise.cpp(1,1): warning C4819: 该文件包含不能在当前代码页(936)中表示的字符。请将该文件保存为 Unicode 格式以防止数据丢失
C:\Users\PC\Desktop\C\code1\CPP_code\Exercises_C\Exercises_C\exercise.cpp(1425,1): warning C4819: 该文件包含不能在当前代码页(936)中表示的字符。请将该文件保存为 Unicode 格式以防止数据丢失
C:\Users\PC\Desktop\C\code1\CPP_code\Exercises_C\Exercises_C\exercise.cpp(2724,1): warning C4819: 该文件包含不能在当前代码页(936)中表示的字符。请将该文件保存为 Unicode 格式以防止数据丢失
C:\Users\PC\Desktop\C\code1\CPP_code\Exercises_C\Exercises_C\exercise.cpp(4194,1): warning C4819: 该文件包含不能在当前代码页(936)中表示的字符。请将该文件保存为 Unicode 格式以防止数据丢失
C:\Users\PC\Desktop\C\code1\CPP_code\Exercises_C\Exercises_C\exercise.cpp(5691,1): warning C4819: 该文件包含不能在当前代码页(936)中表示的字符。请将该文件保存为 Unicode 格式以防止数据丢失
C:\Users\PC\Desktop\C\code1\CPP_code\Exercises_C\Exercises_C\exercise.cpp(7131,1): warning C4819: 该文件包含不能在当前代码页(936)中表示的字符。请将该文件保存为 Unicode 格式以防止数据丢失
C:\Users\PC\Desktop\C\code1\CPP_code\Exercises_C\Exercises_C\exercise.cpp(8410,1): warning C4819: 该文件包含不能在当前代码页(936)中表示的字符。请将该文件保存为 Unicode 格式以防止数据丢失
C:\Users\PC\Desktop\C\code1\CPP_code\Exercises_C\Exercises_C\exercise.cpp(9828,1): warning C4819: 该文件包含不能在当前代码页(936)中表示的字符。请将该文件保存为 Unicode 格式以防止数据丢失
C:\Users\PC\Desktop\C\code1\CPP_code\Exercises_C\Exercises_C\exercise.cpp(11375,1): warning C4819: 该文件包含不能在当前代码页(936)中表示的字符。请将该文件保存为 Unicode 格式以防止数据丢失
  function.cpp
C:\Users\PC\Desktop\C\code1\CPP_code\Exercises_C\Exercises_C\SqList.h(58,1): warning C4005: “OVERFLOW”: 宏重定义
C:\Program Files (x86)\Windows Kits\10\Include\10.0.19041.0\ucrt\corecrt_math.h(965): message : 参见“OVERFLOW”的前一个定义
C:\Users\PC\Desktop\C\code1\CPP_code\Exercises_C\Exercises_C\function.cpp(196,9): warning C4476: "printf": 格式说明符中的类型字段字符“\xe8”未知
C:\Users\PC\Desktop\C\code1\CPP_code\Exercises_C\Exercises_C\function.cpp(197,9): warning C4476: "printf": 格式说明符中的类型字段字符“\xe8”未知
C:\Users\PC\Desktop\C\code1\CPP_code\Exercises_C\Exercises_C\function.cpp(198,9): warning C4476: "printf": 格式说明符中的类型字段字符“\xe8”未知
C:\Users\PC\Desktop\C\code1\CPP_code\Exercises_C\Exercises_C\function.cpp(199,9): warning C4476: "printf": 格式说明符中的类型字段字符“\xe8”未知
C:\Users\PC\Desktop\C\code1\CPP_code\Exercises_C\Exercises_C\function.cpp(304,22): warning C4267: “初始化”: 从“size_t”转换到“int”，可能丢失数据
C:\Users\PC\Desktop\C\code1\CPP_code\Exercises_C\Exercises_C\function.cpp(307,22): warning C4267: “初始化”: 从“size_t”转换到“int”，可能丢失数据
C:\Users\PC\Desktop\C\code1\CPP_code\Exercises_C\Exercises_C\function.cpp(351,26): warning C4267: “初始化”: 从“size_t”转换到“int”，可能丢失数据
C:\Users\PC\Desktop\C\code1\CPP_code\Exercises_C\Exercises_C\function.cpp(389,26): warning C4267: “初始化”: 从“size_t”转换到“int”，可能丢失数据
C:\Users\PC\Desktop\C\code1\CPP_code\Exercises_C\Exercises_C\function.cpp(391,26): warning C4267: “初始化”: 从“size_t”转换到“int”，可能丢失数据
  Linked_stack.cpp
  Linked_queue.cpp
C:\Users\PC\Desktop\C\code1\CPP_code\Exercises_C\Exercises_C\Linked_queue.h(18,1): warning C4005: “OVERFLOW”: 宏重定义
C:\Program Files (x86)\Windows Kits\10\Include\10.0.19041.0\ucrt\corecrt_math.h(965): message : 参见“OVERFLOW”的前一个定义
  mall.cpp
C:\Users\PC\Desktop\C\code1\CPP_code\Exercises_C\Exercises_C\mall.cpp(32,12): warning C4244: “参数”: 从“time_t”转换到“unsigned int”，可能丢失数据
C:\Users\PC\Desktop\C\code1\CPP_code\Exercises_C\Exercises_C\mall.cpp(36,26): warning C4244: “=”: 从“double”转换到“long”，可能丢失数据
  queue.cpp
  Singly_Linked_List.cpp
C:\Users\PC\Desktop\C\code1\CPP_code\Exercises_C\Exercises_C\Singly_Linked_List.h(12,1): warning C4005: “OVERFLOW”: 宏重定义
C:\Program Files (x86)\Windows Kits\10\Include\10.0.19041.0\ucrt\corecrt_math.h(965): message : 参见“OVERFLOW”的前一个定义
  SqList.cpp
C:\Users\PC\Desktop\C\code1\CPP_code\Exercises_C\Exercises_C\SqList.h(58,1): warning C4005: “OVERFLOW”: 宏重定义
C:\Program Files (x86)\Windows Kits\10\Include\10.0.19041.0\ucrt\corecrt_math.h(965): message : 参见“OVERFLOW”的前一个定义
  stack.cpp
  tree.cpp
C:\Users\PC\Desktop\C\code1\CPP_code\Exercises_C\Exercises_C\tree.cpp(66,6): warning C4551: 缺少参数列表的函数调用
  正在生成代码...
C:\Users\PC\Desktop\C\code1\CPP_code\Exercises_C\Exercises_C\Linked_stack.cpp(47): warning C4715: “GetTop”: 不是所有的控件路径都返回值
C:\Users\PC\Desktop\C\code1\CPP_code\Exercises_C\Exercises_C\function.cpp(414): warning C4715: “KMP”: 不是所有的控件路径都返回值
  Exercises_C.vcxproj -> C:\Users\PC\Desktop\C\code1\CPP_code\Exercises_C\x64\Debug\Exercises_C.exe
